<?xml version="1.0" encoding="UTF-8"?>
<!-- Generated by org.testng.reporters.JUnitReportReporter -->
<testsuite skipped="0" hostname="DESKTOP-O60LFJB" name="com.hbt.semillero.servicios.AppTest" tests="2" failures="0" timestamp="2019-10-29T12:08:57 COT" time="0.012" errors="0">
  <testcase name="primeraPU" time="0.012" classname="com.hbt.semillero.servicios.AppTest"/>
  <testcase name="sundaPrueba" time="0.000" classname="com.hbt.semillero.servicios.AppTest"/>
</testsuite> <!-- com.hbt.semillero.servicios.AppTest -->
